rm -f *.o project.elf project.hex project.bin
arm-none-eabi-gcc -g -O2 -Wall -Tstm32_flash.ld  -DUSE_STDPERIPH_DRIVER -mlittle-endian -mthumb -mcpu=cortex-m4 -mthumb-interwork -mfloat-abi=hard -mfpu=fpv4-sp-d16 -I. -I../../STM32F4-Discovery_FW_V1.1.0/Utilities/STM32F4-Discovery -I../../STM32F4-Discovery_FW_V1.1.0/Libraries/CMSIS/Include -I../../STM32F4-Discovery_FW_V1.1.0/Libraries/CMSIS/ST/STM32F4xx/Include -I../../STM32F4-Discovery_FW_V1.1.0/Libraries/STM32F4xx_StdPeriph_Driver/inc main.c system_stm32f4xx.c ../../STM32F4-Discovery_FW_V1.1.0/Libraries/STM32F4xx_StdPeriph_Driver/src/stm32f4xx_rcc.c ../../STM32F4-Discovery_FW_V1.1.0/Libraries/STM32F4xx_StdPeriph_Driver/src/stm32f4xx_gpio.c ../../STM32F4-Discovery_FW_V1.1.0/Libraries/CMSIS/ST/STM32F4xx/Source/Templates/TrueSTUDIO/startup_stm32f4xx.s -o project.elf 
main.c:114:3: error: expected '}' before numeric constant
   5, 4, 10.3, 1.1, 5.7, 100, 231, 111, 49.5, 99,
   ^
Makefile:43: recipe for target 'project.elf' failed
make: *** [project.elf] Error 1
arm-none-eabi-gcc -g -O2 -Wall -Tstm32_flash.ld  -DUSE_STDPERIPH_DRIVER -mlittle-endian -mthumb -mcpu=cortex-m4 -mthumb-interwork -mfloat-abi=hard -mfpu=fpv4-sp-d16 -I. -I../../STM32F4-Discovery_FW_V1.1.0/Utilities/STM32F4-Discovery -I../../STM32F4-Discovery_FW_V1.1.0/Libraries/CMSIS/Include -I../../STM32F4-Discovery_FW_V1.1.0/Libraries/CMSIS/ST/STM32F4xx/Include -I../../STM32F4-Discovery_FW_V1.1.0/Libraries/STM32F4xx_StdPeriph_Driver/inc main.c system_stm32f4xx.c ../../STM32F4-Discovery_FW_V1.1.0/Libraries/STM32F4xx_StdPeriph_Driver/src/stm32f4xx_rcc.c ../../STM32F4-Discovery_FW_V1.1.0/Libraries/STM32F4xx_StdPeriph_Driver/src/stm32f4xx_gpio.c ../../STM32F4-Discovery_FW_V1.1.0/Libraries/CMSIS/ST/STM32F4xx/Source/Templates/TrueSTUDIO/startup_stm32f4xx.s -o project.elf 
main.c:114:3: error: expected '}' before numeric constant
   5, 4, 10.3, 1.1, 5.7, 100, 231, 111, 49.5, 99,
   ^
Makefile:43: recipe for target 'project.elf' failed
make: *** [project.elf] Error 1
